<?xml version="1.0" encoding="UTF-8"?>
<testng-results skipped="0" failed="0" total="1" passed="1">
  <reporter-output>
  </reporter-output>
  <suite name="Default suite" duration-ms="44870" started-at="2018-10-06T10:50:19Z" finished-at="2018-10-06T10:51:04Z">
    <groups>
    </groups>
    <test name="Default test" duration-ms="44870" started-at="2018-10-06T10:50:19Z" finished-at="2018-10-06T10:51:04Z">
      <class name="practise.zomato">
        <test-method status="PASS" signature="set_Up()[pri:0, instance:practise.zomato@19f99ea]" name="set_Up" is-config="true" duration-ms="41630" started-at="2018-10-06T16:20:19Z" finished-at="2018-10-06T16:21:01Z">
          <reporter-output>
          </reporter-output>
        </test-method> <!-- set_Up -->
        <test-method status="PASS" signature="switch_test()[pri:0, instance:practise.zomato@19f99ea]" name="switch_test" duration-ms="3182" started-at="2018-10-06T16:21:01Z" finished-at="2018-10-06T16:21:04Z">
          <reporter-output>
          </reporter-output>
        </test-method> <!-- switch_test -->
      </class> <!-- practise.zomato -->
    </test> <!-- Default test -->
  </suite> <!-- Default suite -->
</testng-results>
